<?xml version="1.0" encoding="UTF-8"?>
<testsuite name="com.udacity.gradle.test.PersonTest" tests="1" skipped="0" failures="0" errors="0" timestamp="2016-09-06T18:05:45" hostname="dhcp35-120.lab.eng.blr.redhat.com" time="0.003">
  <properties/>
  <testcase name="test" classname="com.udacity.gradle.test.PersonTest" time="0.003"/>
  <system-out><![CDATA[]]></system-out>
  <system-err><![CDATA[]]></system-err>
</testsuite>
